Special key Key.ctrl pressed
Alphanumeric key t pressed
Alphanumeric key h pressed
Alphanumeric key i pressed
Alphanumeric key s pressed
Special key Key.space pressed
Alphanumeric key i pressed
Alphanumeric key s pressed
Special key Key.space pressed
Alphanumeric key t pressed
Alphanumeric key h pressed
Alphanumeric key e pressed
Special key Key.space pressed
Alphanumeric key t pressed
Alphanumeric key e pressed
Alphanumeric key s pressed
Alphanumeric key t pressed
Alphanumeric key i pressed
Alphanumeric key n pressed
Alphanumeric key h pressed
Special key Key.ctrl pressed
Alphanumeric key a pressed
Special key Key.backspace pressed
Special key Key.ctrl pressed
Special key Key.ctrl pressed
Special key Key.ctrl pressed
Alphanumeric key v pressed
Special key Key.enter pressed
Alphanumeric key i pressed
Alphanumeric key t pressed
Special key Key.space pressed
Alphanumeric key i pressed
Alphanumeric key s pressed
Special key Key.space pressed
Alphanumeric key n pressed
Alphanumeric key o pressed
Alphanumeric key t pressed
Special key Key.space pressed
Alphanumeric key s pressed
Alphanumeric key a pressed
Alphanumeric key v pressed
Alphanumeric key i pressed
Alphanumeric key n pressed
Alphanumeric key g pressed
Special key Key.space pressed
Alphanumeric key t pressed
Alphanumeric key h pressed
Alphanumeric key e pressed
Special key Key.space pressed
Alphanumeric key o pressed
Alphanumeric key u pressed
Alphanumeric key t pressed
Alphanumeric key p pressed
Alphanumeric key u pressed
Alphanumeric key t pressed
Special key Key.space pressed
Special key Key.ctrl pressed
Special key Key.backspace pressed
Special key Key.backspace pressed
Special key Key.backspace pressed
Special key Key.backspace pressed
Alphanumeric key o pressed
Special key Key.backspace pressed
Alphanumeric key n pressed
Alphanumeric key t pressed
Special key Key.backspace pressed
Alphanumeric key o pressed
Alphanumeric key t pressed
Alphanumeric key w pressed
Special key Key.space pressed
Alphanumeric key o pressed
Alphanumeric key r pressed
Alphanumeric key k pressed
Special key Key.backspace pressed
Special key Key.backspace pressed
Special key Key.backspace pressed
Special key Key.backspace pressed
Special key Key.backspace pressed
Special key Key.space pressed
Alphanumeric key w pressed
Alphanumeric key o pressed
Alphanumeric key k pressed
Special key Key.backspace pressed
Alphanumeric key r pressed
Alphanumeric key k pressed
Alphanumeric key i pressed
Alphanumeric key n pressed
Alphanumeric key g pressed
Special key Key.enter pressed
Special key Key.ctrl pressed
Special key Key.ctrl pressed
Alphanumeric key w pressed
Alphanumeric key i pressed
Alphanumeric key l pressed
Alphanumeric key l pressed
Special key Key.space pressed
Alphanumeric key t pressed
Alphanumeric key h pressed
Special key Key.space pressed
Alphanumeric key w pressed
Alphanumeric key o pressed
Alphanumeric key r pressed
Alphanumeric key d pressed
Special key Key.backspace pressed
Special key Key.backspace pressed
Special key Key.backspace pressed
Special key Key.backspace pressed
Special key Key.backspace pressed
Special key Key.backspace pressed
Special key Key.backspace pressed
Special key Key.backspace pressed
Special key Key.backspace pressed
Special key Key.backspace pressed
Special key Key.backspace pressed
Special key Key.backspace pressed
Special key Key.backspace pressed
Special key Key.backspace pressed
Special key Key.backspace pressed
Special key Key.backspace pressed
Special key Key.backspace pressed
Special key Key.backspace pressed
Special key Key.backspace pressed
Special key Key.backspace pressed
Special key Key.backspace pressed
Special key Key.backspace pressed
Special key Key.backspace pressed
Special key Key.backspace pressed
Special key Key.backspace pressed
Special key Key.ctrl pressed
Special key Key.ctrl pressed
Alphanumeric key o pressed
Alphanumeric key h pressed
Special key Key.space pressed
Alphanumeric key i pressed
Alphanumeric key t pressed
Special key Key.space pressed
Alphanumeric key w pressed
Alphanumeric key o pressed
Alphanumeric key r pressed
Alphanumeric key k pressed
Alphanumeric key e pressed
Alphanumeric key d pressed
Special key Key.enter pressed
Special key Key.ctrl pressed
Special key Key.ctrl pressed
Alphanumeric key h pressed
Alphanumeric key o pressed
Alphanumeric key w pressed
Special key Key.space pressed
Alphanumeric key t pressed
Alphanumeric key o pressed
Special key Key.space pressed
Alphanumeric key s pressed
Alphanumeric key t pressed
Alphanumeric key o pressed
Alphanumeric key p pressed
Special key Key.space pressed
Alphanumeric key t pressed
Alphanumeric key h pressed
Alphanumeric key i pressed
Alphanumeric key s pressed
Special key Key.space pressed
Alphanumeric key p pressed
Alphanumeric key r pressed
Alphanumeric key o pressed
Alphanumeric key g pressed
Alphanumeric key r pressed
Alphanumeric key a pressed
Alphanumeric key m pressed
Alphanumeric key m pressed
Special key Key.enter pressed
Special key Key.ctrl pressed
Special key Key.ctrl pressed
Special key Key.ctrl pressed
Alphanumeric key v pressed
Special key Key.shift pressed
Special key Key.enter pressed
Special key Key.enter pressed
Alphanumeric key w pressed
Alphanumeric key h pressed
Alphanumeric key a pressed
Alphanumeric key t pressed
Special key Key.space pressed
Alphanumeric key t pressed
Alphanumeric key i pressed
Alphanumeric key s pressed
Special key Key.backspace pressed
Special key Key.backspace pressed
Alphanumeric key h pressed
Alphanumeric key e pressed
Special key Key.space pressed
Alphanumeric key h pressed
Alphanumeric key e pressed
Alphanumeric key l pressed
Alphanumeric key l pressed
Special key Key.space pressed
Alphanumeric key i pressed
Alphanumeric key s pressed
Special key Key.space pressed
Alphanumeric key t pressed
Alphanumeric key h pressed
Alphanumeric key i pressed
Alphanumeric key s pressed
Special key Key.enter pressed
Special key Key.ctrl pressed
Special key Key.ctrl pressed
Alphanumeric key b pressed
Alphanumeric key u pressed
Alphanumeric key t pressed
Special key Key.space pressed
Alphanumeric key w pressed
Alphanumeric key h pressed
Alphanumeric key e pressed
Alphanumeric key n pressed
Special key Key.space pressed
Alphanumeric key w pressed
Alphanumeric key i pressed
Alphanumeric key l pressed
Alphanumeric key l pressed
Special key Key.space pressed
Alphanumeric key t pressed
Alphanumeric key u pressed
Alphanumeric key i pressed
Special key Key.backspace pressed
Special key Key.backspace pressed
Alphanumeric key h pressed
Alphanumeric key i pressed
Alphanumeric key s pressed
Special key Key.space pressed
Alphanumeric key l pressed
Alphanumeric key o pressed
Alphanumeric key g pressed
Alphanumeric key g pressed
Alphanumeric key i pressed
Alphanumeric key n pressed
Alphanumeric key . pressed
Alphanumeric key b pressed
Alphanumeric key a pressed
Alphanumeric key s pressed
Alphanumeric key c pressed
Alphanumeric key i pressed
Special key Key.backspace pressed
Alphanumeric key i pressed
Special key Key.backspace pressed
Special key Key.backspace pressed
Alphanumeric key i pressed
Alphanumeric key c pressed
Special key Key.ctrl pressed
Special key Key.shift pressed
Alphanumeric key C pressed
Alphanumeric key o pressed
Alphanumeric key n pressed
Alphanumeric key f pressed
Alphanumeric key i pressed
Alphanumeric key g pressed
Special key Key.space pressed
Alphanumeric key w pressed
Alphanumeric key i pressed
Alphanumeric key l pressed
Alphanumeric key l pressed
Special key Key.space pressed
Alphanumeric key b pressed
Alphanumeric key e pressed
Special key Key.space pressed
Alphanumeric key c pressed
Alphanumeric key a pressed
Alphanumeric key l pressed
Alphanumeric key l pressed
Alphanumeric key e pressed
Alphanumeric key d pressed
Special key Key.shift pressed
Alphanumeric key ? pressed
Special key Key.enter pressed
Alphanumeric key w pressed
Alphanumeric key u pressed
Special key Key.backspace pressed
Special key Key.backspace pressed
Alphanumeric key w pressed
Alphanumeric key i pressed
Alphanumeric key l pressed
Alphanumeric key l pressed
Special key Key.space pressed
Alphanumeric key i pressed
Alphanumeric key t pressed
Special key Key.space pressed
Alphanumeric key w pressed
Alphanumeric key o pressed
Alphanumeric key r pressed
Alphanumeric key k pressed
Special key Key.space pressed
Alphanumeric key a pressed
Alphanumeric key g pressed
Alphanumeric key a pressed
Alphanumeric key i pressed
Alphanumeric key n pressed
Special key Key.space pressed
Alphanumeric key n pressed
Alphanumeric key a pressed
Special key Key.space pressed
Special key Key.backspace pressed
Special key Key.backspace pressed
Special key Key.backspace pressed
Alphanumeric key a pressed
Alphanumeric key n pressed
Alphanumeric key d pressed
Special key Key.space pressed
Alphanumeric key a pressed
Alphanumeric key g pressed
Alphanumeric key a pressed
Alphanumeric key i pressed
Alphanumeric key n pressed
Special key Key.space pressed
Alphanumeric key w pressed
Alphanumeric key h pressed
Alphanumeric key e pressed
Alphanumeric key n pressed
Special key Key.space pressed
Alphanumeric key t pressed
Alphanumeric key h pressed
Alphanumeric key e pressed
Special key Key.space pressed
Alphanumeric key n pressed
Alphanumeric key e pressed
Alphanumeric key w pressed
Special key Key.space pressed
Alphanumeric key t pressed
Alphanumeric key h pressed
Alphanumeric key r pressed
Alphanumeric key e pressed
Alphanumeric key a pressed
Alphanumeric key d pressed
Special key Key.space pressed
Alphanumeric key s pressed
Alphanumeric key t pressed
Alphanumeric key a pressed
Alphanumeric key r pressed
Alphanumeric key s pressed
Alphanumeric key t pressed
Alphanumeric key s pressed
Special key Key.backspace pressed
Special key Key.backspace pressed
Special key Key.backspace pressed
Special key Key.backspace pressed
Alphanumeric key r pressed
Alphanumeric key t pressed
Alphanumeric key s pressed
Special key Key.shift pressed
Alphanumeric key ? pressed
Special key Key.enter pressed
Special key Key.ctrl pressed
Special key Key.ctrl pressed
Alphanumeric key v pressed
Special key Key.shift pressed
Special key Key.enter pressed
Special key Key.enter pressed
Alphanumeric key e pressed
Alphanumeric key x pressed
Alphanumeric key m pressed
Alphanumeric key p pressed
Special key Key.backspace pressed
Special key Key.backspace pressed
Alphanumeric key p pressed
Alphanumeric key l pressed
Alphanumeric key a pressed
Alphanumeric key i pressed
Alphanumeric key n pressed
Special key Key.space pressed
Alphanumeric key m pressed
Alphanumeric key e pressed
Special key Key.space pressed
Alphanumeric key t pressed
Alphanumeric key h pressed
Alphanumeric key i pressed
Alphanumeric key s pressed
Special key Key.space pressed
Alphanumeric key a pressed
Alphanumeric key g pressed
Alphanumeric key a pressed
Alphanumeric key i pressed
Alphanumeric key n pressed
Special key Key.space pressed
Alphanumeric key h pressed
Alphanumeric key o pressed
Alphanumeric key w pressed
Special key Key.space pressed
Alphanumeric key d pressed
Alphanumeric key i pressed
Alphanumeric key d pressed
Special key Key.space pressed
Alphanumeric key i pressed
Alphanumeric key t pressed
Special key Key.space pressed
Special key Key.backspace pressed
Special key Key.backspace pressed
Special key Key.backspace pressed
Special key Key.backspace pressed
Special key Key.backspace pressed
Special key Key.backspace pressed
Special key Key.ctrl pressed
Special key Key.backspace pressed
Special key Key.backspace pressed
Alphanumeric key . pressed
Alphanumeric key . pressed
Alphanumeric key . pressed
Alphanumeric key . pressed
Special key Key.space pressed
Alphanumeric key l pressed
Alphanumeric key i pressed
Alphanumeric key k pressed
Alphanumeric key e pressed
Special key Key.space pressed
Alphanumeric key a pressed
Special key Key.backspace pressed
Special key Key.ctrl pressed
Special key Key.backspace pressed
Special key Key.enter pressed
Alphanumeric key f pressed
Alphanumeric key r pressed
Alphanumeric key o pressed
Alphanumeric key m pressed
Special key Key.space pressed
Alphanumeric key w pressed
Alphanumeric key h pressed
Alphanumeric key e pressed
Alphanumeric key r pressed
Alphanumeric key e pressed
Special key Key.space pressed
Alphanumeric key t pressed
Alphanumeric key i pressed
Alphanumeric key s pressed
Special key Key.space pressed
Special key Key.backspace pressed
Special key Key.backspace pressed
Special key Key.backspace pressed
Alphanumeric key h pressed
Alphanumeric key i pressed
Alphanumeric key s pressed
Alphanumeric key i pressed
Alphanumeric key n pressed
Special key Key.backspace pressed
Special key Key.backspace pressed
Special key Key.space pressed
Alphanumeric key i pressed
Alphanumeric key n pressed
Alphanumeric key f pressed
Special key Key.space pressed
Special key Key.backspace pressed
Alphanumeric key o pressed
Special key Key.space pressed
Alphanumeric key c pressed
Alphanumeric key a pressed
Alphanumeric key m pressed
Alphanumeric key e pressed
Special key Key.shift pressed
Alphanumeric key ? pressed
Special key Key.space pressed
Alphanumeric key a pressed
Alphanumeric key n pressed
Alphanumeric key d pressed
Special key Key.space pressed
Alphanumeric key h pressed
Alphanumeric key o pressed
Alphanumeric key w pressed
Special key Key.space pressed
Alphanumeric key d pressed
Alphanumeric key i pressed
Alphanumeric key d pressed
Special key Key.space pressed
Alphanumeric key i pressed
Alphanumeric key t pressed
Special key Key.space pressed
Alphanumeric key t pressed
Alphanumeric key r pressed
Alphanumeric key i pressed
Alphanumeric key g pressed
Alphanumeric key g pressed
Alphanumeric key e pressed
Alphanumeric key r pressed
Special key Key.space pressed
Alphanumeric key m pressed
Special key Key.space pressed
Special key Key.backspace pressed
Alphanumeric key y pressed
Special key Key.space pressed
Alphanumeric key t pressed
Alphanumeric key h pressed
Alphanumeric key r pressed
Alphanumeric key e pressed
Alphanumeric key a pressed
Alphanumeric key d pressed
Special key Key.space pressed
Alphanumeric key k pressed
Alphanumeric key y pressed
Alphanumeric key p pressed
Alphanumeric key r pressed
Alphanumeric key e pressed
Alphanumeric key s pressed
Alphanumeric key s pressed
Special key Key.space pressed
Alphanumeric key i pressed
Alphanumeric key n pressed
Alphanumeric key f pressed
Alphanumeric key o pressed
Special key Key.enter pressed
Special key Key.ctrl pressed
Special key Key.ctrl pressed
Alphanumeric key i pressed
Alphanumeric key n pressed
Special key Key.space pressed
Alphanumeric key w pressed
Alphanumeric key h pressed
Alphanumeric key c pressed
Alphanumeric key h pressed
Special key Key.backspace pressed
Special key Key.backspace pressed
Alphanumeric key i pressed
Alphanumeric key c pressed
Alphanumeric key h pressed
Special key Key.space pressed
Alphanumeric key f pressed
Alphanumeric key i pressed
Alphanumeric key l pressed
Alphanumeric key e pressed
Special key Key.space pressed
Alphanumeric key f pressed
Alphanumeric key o pressed
Alphanumeric key r pressed
Alphanumeric key m pressed
Alphanumeric key a pressed
Alphanumeric key t pressed
Alphanumeric key e pressed
Special key Key.space pressed
Alphanumeric key w pressed
Alphanumeric key h pressed
Alphanumeric key o pressed
Special key Key.backspace pressed
Special key Key.backspace pressed
Special key Key.backspace pressed
Special key Key.backspace pressed
Special key Key.backspace pressed
Special key Key.space pressed
Alphanumeric key s pressed
Alphanumeric key h pressed
Alphanumeric key o pressed
Alphanumeric key u pressed
Alphanumeric key l pressed
Alphanumeric key d pressed
Special key Key.space pressed
Special key Key.shift pressed
Special key Key.space pressed
Special key Key.backspace pressed
Special key Key.shift pressed
Alphanumeric key I pressed
Special key Key.space pressed
Alphanumeric key s pressed
Alphanumeric key t pressed
Alphanumeric key o pressed
Alphanumeric key r pressed
Alphanumeric key e pressed
Special key Key.space pressed
Alphanumeric key m pressed
Alphanumeric key y pressed
Special key Key.space pressed
Alphanumeric key k pressed
Alphanumeric key e pressed
Alphanumeric key y pressed
Special key Key.space pressed
Alphanumeric key l pressed
Alphanumeric key o pressed
Alphanumeric key g pressed
Alphanumeric key s pressed
Special key Key.space pressed
Alphanumeric key t pressed
Alphanumeric key x pressed